<!DOCTYPE html PUBLIC "-//W3C//DTD XHTML 1.1//EN" "https://www.w3.org/TR/xhtml11/DTD/xhtml11.dtd">
<html xmlns="https://www.w3.org/1999/xhtml">
<head>
<meta http-equiv="content-type" content="text/html; charset=UTF-8"/>
<title>TestNG Report</title>
<style type="text/css">table {margin-bottom:10px;border-collapse:collapse;empty-cells:show}th,td {border:1px solid #009;padding:.25em .5em}th {vertical-align:bottom}td {vertical-align:top}table a {font-weight:bold}.stripe td {background-color: #E6EBF9}.num {text-align:right}.passedodd td {background-color: #3F3}.passedeven td {background-color: #0A0}.skippedodd td {background-color: #DDD}.skippedeven td {background-color: #CCC}.failedodd td,.attn {background-color: #F33}.failedeven td,.stripe .attn {background-color: #D00}.stacktrace {white-space:pre;font-family:monospace}.totop {font-size:85%;text-align:center;border-bottom:2px solid #000}.invisible {display:none}</style>
</head>
<body>
<table>
<tr><th>Test</th><th># Passed</th><th># Skipped</th><th># Retried</th><th># Failed</th><th>Time (ms)</th><th>Included Groups</th><th>Excluded Groups</th></tr>
<tr><th colspan="8">Surefire suite</th></tr>
<tr><td><a href="#t0">Surefire test</a></td><td class="num">0</td><td class="num attn">3</td><td class="num">0</td><td class="num">0</td><td class="num">33,967</td><td></td><td></td></tr>
</table>
<table id='summary'><thead><tr><th>Class</th><th>Method</th><th>Start</th><th>Time (ms)</th></tr></thead><tbody><tr><th colspan="4">Surefire suite</th></tr></tbody><tbody id="t0"><tr><th colspan="4">Surefire test &#8212; failed (configuration methods)</th></tr><tr class="failedeven"><td rowspan="1">Scenario3.TestCase3</td><td><a href="#m0">setup</a></td><td rowspan="1">1738392505828</td><td rowspan="1">17036</td></tr><tr class="failedodd"><td rowspan="1">testCases.Scenario1.Scenario2.TestCase2</td><td><a href="#m1">setup</a></td><td rowspan="1">1738392522879</td><td rowspan="1">7655</td></tr><tr class="failedeven"><td rowspan="1">testCases.Scenario1.TestCases</td><td><a href="#m2">setup</a></td><td rowspan="1">1738392530536</td><td rowspan="1">9243</td></tr><tr><th colspan="4">Surefire test &#8212; skipped (configuration methods)</th></tr><tr class="skippedeven"><td rowspan="1">Scenario3.TestCase3</td><td><a href="#m3">tearDown</a></td><td rowspan="1">1738392522878</td><td rowspan="1">0</td></tr><tr class="skippedodd"><td rowspan="1">testCases.Scenario1.Scenario2.TestCase2</td><td><a href="#m4">tearDown</a></td><td rowspan="1">1738392530535</td><td rowspan="1">0</td></tr><tr class="skippedeven"><td rowspan="1">testCases.Scenario1.TestCases</td><td><a href="#m5">tearDown</a></td><td rowspan="1">1738392539780</td><td rowspan="1">0</td></tr><tr><th colspan="4">Surefire test &#8212; skipped</th></tr><tr class="skippedeven"><td rowspan="1">Scenario3.TestCase3</td><td><a href="#m6">validateInputFromSubmit</a></td><td rowspan="1">1738392522876</td><td rowspan="1">0</td></tr><tr class="skippedodd"><td rowspan="1">testCases.Scenario1.Scenario2.TestCase2</td><td><a href="#m7">validateDragAndDropSliders</a></td><td rowspan="1">1738392530535</td><td rowspan="1">0</td></tr><tr class="skippedeven"><td rowspan="1">testCases.Scenario1.TestCases</td><td><a href="#m8">validateTextMessage</a></td><td rowspan="1">1738392539780</td><td rowspan="1">0</td></tr></tbody>
</table>
<h2>Surefire test</h2><h3 id="m0">Scenario3.TestCase3#setup</h3><table class="result"><tr><th>Exception</th></tr><tr><td><div class="stacktrace">org.openqa.selenium.SessionNotCreatedException: Could not start a new session. Response code 500. Message: session not created: No matching capabilities found
Build info: version: &apos;4.0.0&apos;, revision: &apos;3a21814679&apos;
System info: host: &apos;Swapnils-MacBook-Air.local&apos;, ip: &apos;fe80:0:0:0:101e:7c25:f3ce:761%en0&apos;, os.name: &apos;Mac OS X&apos;, os.arch: &apos;aarch64&apos;, os.version: &apos;13.7.1&apos;, java.version: &apos;21.0.2&apos;
Driver info: org.openqa.selenium.chrome.ChromeDriver
Command: [null, newSession {capabilities=[Capabilities {LT:Options: {accessKey: SSkNAfekTdDBMdjiIJhRd33uy7G..., build: SeleniumJava101, console: true, name: TC_01_ValidateTextMessage, plugin: java-testNG, project: SeleniumJava101Certification, username: pangudwales05, video: true, visual: true, w3c: true}, browserName: chrome, browserVersion: 132, goog:chromeOptions: {args: [], extensions: []}, platformName: macos ventura}], desiredCapabilities=Capabilities {LT:Options: {accessKey: SSkNAfekTdDBMdjiIJhRd33uy7G..., build: SeleniumJava101, console: true, name: TC_01_ValidateTextMessage, plugin: java-testNG, project: SeleniumJava101Certification, username: pangudwales05, video: true, visual: true, w3c: true}, browserName: chrome, browserVersion: 132, goog:chromeOptions: {args: [], extensions: []}, platformName: macOS Ventura}}]
	at org.openqa.selenium.remote.ProtocolHandshake.createSession(ProtocolHandshake.java:126)
	at org.openqa.selenium.remote.ProtocolHandshake.createSession(ProtocolHandshake.java:84)
	at org.openqa.selenium.remote.ProtocolHandshake.createSession(ProtocolHandshake.java:62)
	at org.openqa.selenium.remote.HttpCommandExecutor.execute(HttpCommandExecutor.java:156)
	at org.openqa.selenium.remote.service.DriverCommandExecutor.invokeExecute(DriverCommandExecutor.java:164)
	at org.openqa.selenium.remote.service.DriverCommandExecutor.execute(DriverCommandExecutor.java:139)
	at org.openqa.selenium.remote.RemoteWebDriver.execute(RemoteWebDriver.java:559)
	at org.openqa.selenium.remote.RemoteWebDriver.startSession(RemoteWebDriver.java:246)
	at org.openqa.selenium.remote.RemoteWebDriver.&lt;init&gt;(RemoteWebDriver.java:168)
	at org.openqa.selenium.chromium.ChromiumDriver.&lt;init&gt;(ChromiumDriver.java:108)
	at org.openqa.selenium.chrome.ChromeDriver.&lt;init&gt;(ChromeDriver.java:104)
	at org.openqa.selenium.chrome.ChromeDriver.&lt;init&gt;(ChromeDriver.java:91)
	at org.openqa.selenium.chrome.ChromeDriver.&lt;init&gt;(ChromeDriver.java:80)
	at BaseClass.BaseTest.setup(BaseTest.java:102)
	at java.base/java.util.ArrayList.forEach(ArrayList.java:1596)
... Removed 28 stack frames</div></td></tr></table><p class="totop"><a href="#summary">back to summary</a></p>
<h3 id="m1">testCases.Scenario1.Scenario2.TestCase2#setup</h3><table class="result"><tr><th>Exception</th></tr><tr><td><div class="stacktrace">org.openqa.selenium.SessionNotCreatedException: Could not start a new session. Response code 500. Message: session not created: No matching capabilities found
Build info: version: &apos;4.0.0&apos;, revision: &apos;3a21814679&apos;
System info: host: &apos;Swapnils-MacBook-Air.local&apos;, ip: &apos;fe80:0:0:0:101e:7c25:f3ce:761%en0&apos;, os.name: &apos;Mac OS X&apos;, os.arch: &apos;aarch64&apos;, os.version: &apos;13.7.1&apos;, java.version: &apos;21.0.2&apos;
Driver info: org.openqa.selenium.chrome.ChromeDriver
Command: [null, newSession {capabilities=[Capabilities {LT:Options: {accessKey: SSkNAfekTdDBMdjiIJhRd33uy7G..., build: SeleniumJava101, console: true, name: TC_01_ValidateTextMessage, plugin: java-testNG, project: SeleniumJava101Certification, username: pangudwales05, video: true, visual: true, w3c: true}, browserName: chrome, browserVersion: 132, goog:chromeOptions: {args: [], extensions: []}, platformName: macos ventura}], desiredCapabilities=Capabilities {LT:Options: {accessKey: SSkNAfekTdDBMdjiIJhRd33uy7G..., build: SeleniumJava101, console: true, name: TC_01_ValidateTextMessage, plugin: java-testNG, project: SeleniumJava101Certification, username: pangudwales05, video: true, visual: true, w3c: true}, browserName: chrome, browserVersion: 132, goog:chromeOptions: {args: [], extensions: []}, platformName: macOS Ventura}}]
	at org.openqa.selenium.remote.ProtocolHandshake.createSession(ProtocolHandshake.java:126)
	at org.openqa.selenium.remote.ProtocolHandshake.createSession(ProtocolHandshake.java:84)
	at org.openqa.selenium.remote.ProtocolHandshake.createSession(ProtocolHandshake.java:62)
	at org.openqa.selenium.remote.HttpCommandExecutor.execute(HttpCommandExecutor.java:156)
	at org.openqa.selenium.remote.service.DriverCommandExecutor.invokeExecute(DriverCommandExecutor.java:164)
	at org.openqa.selenium.remote.service.DriverCommandExecutor.execute(DriverCommandExecutor.java:139)
	at org.openqa.selenium.remote.RemoteWebDriver.execute(RemoteWebDriver.java:559)
	at org.openqa.selenium.remote.RemoteWebDriver.startSession(RemoteWebDriver.java:246)
	at org.openqa.selenium.remote.RemoteWebDriver.&lt;init&gt;(RemoteWebDriver.java:168)
	at org.openqa.selenium.chromium.ChromiumDriver.&lt;init&gt;(ChromiumDriver.java:108)
	at org.openqa.selenium.chrome.ChromeDriver.&lt;init&gt;(ChromeDriver.java:104)
	at org.openqa.selenium.chrome.ChromeDriver.&lt;init&gt;(ChromeDriver.java:91)
	at org.openqa.selenium.chrome.ChromeDriver.&lt;init&gt;(ChromeDriver.java:80)
	at BaseClass.BaseTest.setup(BaseTest.java:102)
	at java.base/java.util.ArrayList.forEach(ArrayList.java:1596)
... Removed 28 stack frames</div></td></tr></table><p class="totop"><a href="#summary">back to summary</a></p>
<h3 id="m2">testCases.Scenario1.TestCases#setup</h3><table class="result"><tr><th>Exception</th></tr><tr><td><div class="stacktrace">org.openqa.selenium.SessionNotCreatedException: Could not start a new session. Response code 500. Message: session not created: No matching capabilities found
Build info: version: &apos;4.0.0&apos;, revision: &apos;3a21814679&apos;
System info: host: &apos;Swapnils-MacBook-Air.local&apos;, ip: &apos;fe80:0:0:0:101e:7c25:f3ce:761%en0&apos;, os.name: &apos;Mac OS X&apos;, os.arch: &apos;aarch64&apos;, os.version: &apos;13.7.1&apos;, java.version: &apos;21.0.2&apos;
Driver info: org.openqa.selenium.chrome.ChromeDriver
Command: [null, newSession {capabilities=[Capabilities {LT:Options: {accessKey: SSkNAfekTdDBMdjiIJhRd33uy7G..., build: SeleniumJava101, console: true, name: TC_01_ValidateTextMessage, plugin: java-testNG, project: SeleniumJava101Certification, username: pangudwales05, video: true, visual: true, w3c: true}, browserName: chrome, browserVersion: 132, goog:chromeOptions: {args: [], extensions: []}, platformName: macos ventura}], desiredCapabilities=Capabilities {LT:Options: {accessKey: SSkNAfekTdDBMdjiIJhRd33uy7G..., build: SeleniumJava101, console: true, name: TC_01_ValidateTextMessage, plugin: java-testNG, project: SeleniumJava101Certification, username: pangudwales05, video: true, visual: true, w3c: true}, browserName: chrome, browserVersion: 132, goog:chromeOptions: {args: [], extensions: []}, platformName: macOS Ventura}}]
	at org.openqa.selenium.remote.ProtocolHandshake.createSession(ProtocolHandshake.java:126)
	at org.openqa.selenium.remote.ProtocolHandshake.createSession(ProtocolHandshake.java:84)
	at org.openqa.selenium.remote.ProtocolHandshake.createSession(ProtocolHandshake.java:62)
	at org.openqa.selenium.remote.HttpCommandExecutor.execute(HttpCommandExecutor.java:156)
	at org.openqa.selenium.remote.service.DriverCommandExecutor.invokeExecute(DriverCommandExecutor.java:164)
	at org.openqa.selenium.remote.service.DriverCommandExecutor.execute(DriverCommandExecutor.java:139)
	at org.openqa.selenium.remote.RemoteWebDriver.execute(RemoteWebDriver.java:559)
	at org.openqa.selenium.remote.RemoteWebDriver.startSession(RemoteWebDriver.java:246)
	at org.openqa.selenium.remote.RemoteWebDriver.&lt;init&gt;(RemoteWebDriver.java:168)
	at org.openqa.selenium.chromium.ChromiumDriver.&lt;init&gt;(ChromiumDriver.java:108)
	at org.openqa.selenium.chrome.ChromeDriver.&lt;init&gt;(ChromeDriver.java:104)
	at org.openqa.selenium.chrome.ChromeDriver.&lt;init&gt;(ChromeDriver.java:91)
	at org.openqa.selenium.chrome.ChromeDriver.&lt;init&gt;(ChromeDriver.java:80)
	at BaseClass.BaseTest.setup(BaseTest.java:102)
	at java.base/java.util.ArrayList.forEach(ArrayList.java:1596)
... Removed 28 stack frames</div></td></tr></table><p class="totop"><a href="#summary">back to summary</a></p>
<h3 id="m3">Scenario3.TestCase3#tearDown</h3><table class="result"><tr><th class="invisible"/></tr></table><p class="totop"><a href="#summary">back to summary</a></p>
<h3 id="m4">testCases.Scenario1.Scenario2.TestCase2#tearDown</h3><table class="result"><tr><th class="invisible"/></tr></table><p class="totop"><a href="#summary">back to summary</a></p>
<h3 id="m5">testCases.Scenario1.TestCases#tearDown</h3><table class="result"><tr><th class="invisible"/></tr></table><p class="totop"><a href="#summary">back to summary</a></p>
<h3 id="m6">Scenario3.TestCase3#validateInputFromSubmit</h3><table class="result"><tr><th>Exception</th></tr><tr><td><div class="stacktrace">org.openqa.selenium.SessionNotCreatedException: Could not start a new session. Response code 500. Message: session not created: No matching capabilities found
Build info: version: &apos;4.0.0&apos;, revision: &apos;3a21814679&apos;
System info: host: &apos;Swapnils-MacBook-Air.local&apos;, ip: &apos;fe80:0:0:0:101e:7c25:f3ce:761%en0&apos;, os.name: &apos;Mac OS X&apos;, os.arch: &apos;aarch64&apos;, os.version: &apos;13.7.1&apos;, java.version: &apos;21.0.2&apos;
Driver info: org.openqa.selenium.chrome.ChromeDriver
Command: [null, newSession {capabilities=[Capabilities {LT:Options: {accessKey: SSkNAfekTdDBMdjiIJhRd33uy7G..., build: SeleniumJava101, console: true, name: TC_01_ValidateTextMessage, plugin: java-testNG, project: SeleniumJava101Certification, username: pangudwales05, video: true, visual: true, w3c: true}, browserName: chrome, browserVersion: 132, goog:chromeOptions: {args: [], extensions: []}, platformName: macos ventura}], desiredCapabilities=Capabilities {LT:Options: {accessKey: SSkNAfekTdDBMdjiIJhRd33uy7G..., build: SeleniumJava101, console: true, name: TC_01_ValidateTextMessage, plugin: java-testNG, project: SeleniumJava101Certification, username: pangudwales05, video: true, visual: true, w3c: true}, browserName: chrome, browserVersion: 132, goog:chromeOptions: {args: [], extensions: []}, platformName: macOS Ventura}}]
	at org.openqa.selenium.remote.ProtocolHandshake.createSession(ProtocolHandshake.java:126)
	at org.openqa.selenium.remote.ProtocolHandshake.createSession(ProtocolHandshake.java:84)
	at org.openqa.selenium.remote.ProtocolHandshake.createSession(ProtocolHandshake.java:62)
	at org.openqa.selenium.remote.HttpCommandExecutor.execute(HttpCommandExecutor.java:156)
	at org.openqa.selenium.remote.service.DriverCommandExecutor.invokeExecute(DriverCommandExecutor.java:164)
	at org.openqa.selenium.remote.service.DriverCommandExecutor.execute(DriverCommandExecutor.java:139)
	at org.openqa.selenium.remote.RemoteWebDriver.execute(RemoteWebDriver.java:559)
	at org.openqa.selenium.remote.RemoteWebDriver.startSession(RemoteWebDriver.java:246)
	at org.openqa.selenium.remote.RemoteWebDriver.&lt;init&gt;(RemoteWebDriver.java:168)
	at org.openqa.selenium.chromium.ChromiumDriver.&lt;init&gt;(ChromiumDriver.java:108)
	at org.openqa.selenium.chrome.ChromeDriver.&lt;init&gt;(ChromeDriver.java:104)
	at org.openqa.selenium.chrome.ChromeDriver.&lt;init&gt;(ChromeDriver.java:91)
	at org.openqa.selenium.chrome.ChromeDriver.&lt;init&gt;(ChromeDriver.java:80)
	at BaseClass.BaseTest.setup(BaseTest.java:102)
	at java.base/java.util.ArrayList.forEach(ArrayList.java:1596)
... Removed 28 stack frames</div></td></tr></table><p class="totop"><a href="#summary">back to summary</a></p>
<h3 id="m7">testCases.Scenario1.Scenario2.TestCase2#validateDragAndDropSliders</h3><table class="result"><tr><th>Exception</th></tr><tr><td><div class="stacktrace">org.openqa.selenium.SessionNotCreatedException: Could not start a new session. Response code 500. Message: session not created: No matching capabilities found
Build info: version: &apos;4.0.0&apos;, revision: &apos;3a21814679&apos;
System info: host: &apos;Swapnils-MacBook-Air.local&apos;, ip: &apos;fe80:0:0:0:101e:7c25:f3ce:761%en0&apos;, os.name: &apos;Mac OS X&apos;, os.arch: &apos;aarch64&apos;, os.version: &apos;13.7.1&apos;, java.version: &apos;21.0.2&apos;
Driver info: org.openqa.selenium.chrome.ChromeDriver
Command: [null, newSession {capabilities=[Capabilities {LT:Options: {accessKey: SSkNAfekTdDBMdjiIJhRd33uy7G..., build: SeleniumJava101, console: true, name: TC_01_ValidateTextMessage, plugin: java-testNG, project: SeleniumJava101Certification, username: pangudwales05, video: true, visual: true, w3c: true}, browserName: chrome, browserVersion: 132, goog:chromeOptions: {args: [], extensions: []}, platformName: macos ventura}], desiredCapabilities=Capabilities {LT:Options: {accessKey: SSkNAfekTdDBMdjiIJhRd33uy7G..., build: SeleniumJava101, console: true, name: TC_01_ValidateTextMessage, plugin: java-testNG, project: SeleniumJava101Certification, username: pangudwales05, video: true, visual: true, w3c: true}, browserName: chrome, browserVersion: 132, goog:chromeOptions: {args: [], extensions: []}, platformName: macOS Ventura}}]
	at org.openqa.selenium.remote.ProtocolHandshake.createSession(ProtocolHandshake.java:126)
	at org.openqa.selenium.remote.ProtocolHandshake.createSession(ProtocolHandshake.java:84)
	at org.openqa.selenium.remote.ProtocolHandshake.createSession(ProtocolHandshake.java:62)
	at org.openqa.selenium.remote.HttpCommandExecutor.execute(HttpCommandExecutor.java:156)
	at org.openqa.selenium.remote.service.DriverCommandExecutor.invokeExecute(DriverCommandExecutor.java:164)
	at org.openqa.selenium.remote.service.DriverCommandExecutor.execute(DriverCommandExecutor.java:139)
	at org.openqa.selenium.remote.RemoteWebDriver.execute(RemoteWebDriver.java:559)
	at org.openqa.selenium.remote.RemoteWebDriver.startSession(RemoteWebDriver.java:246)
	at org.openqa.selenium.remote.RemoteWebDriver.&lt;init&gt;(RemoteWebDriver.java:168)
	at org.openqa.selenium.chromium.ChromiumDriver.&lt;init&gt;(ChromiumDriver.java:108)
	at org.openqa.selenium.chrome.ChromeDriver.&lt;init&gt;(ChromeDriver.java:104)
	at org.openqa.selenium.chrome.ChromeDriver.&lt;init&gt;(ChromeDriver.java:91)
	at org.openqa.selenium.chrome.ChromeDriver.&lt;init&gt;(ChromeDriver.java:80)
	at BaseClass.BaseTest.setup(BaseTest.java:102)
	at java.base/java.util.ArrayList.forEach(ArrayList.java:1596)
... Removed 28 stack frames</div></td></tr></table><p class="totop"><a href="#summary">back to summary</a></p>
<h3 id="m8">testCases.Scenario1.TestCases#validateTextMessage</h3><table class="result"><tr><th>Exception</th></tr><tr><td><div class="stacktrace">org.openqa.selenium.SessionNotCreatedException: Could not start a new session. Response code 500. Message: session not created: No matching capabilities found
Build info: version: &apos;4.0.0&apos;, revision: &apos;3a21814679&apos;
System info: host: &apos;Swapnils-MacBook-Air.local&apos;, ip: &apos;fe80:0:0:0:101e:7c25:f3ce:761%en0&apos;, os.name: &apos;Mac OS X&apos;, os.arch: &apos;aarch64&apos;, os.version: &apos;13.7.1&apos;, java.version: &apos;21.0.2&apos;
Driver info: org.openqa.selenium.chrome.ChromeDriver
Command: [null, newSession {capabilities=[Capabilities {LT:Options: {accessKey: SSkNAfekTdDBMdjiIJhRd33uy7G..., build: SeleniumJava101, console: true, name: TC_01_ValidateTextMessage, plugin: java-testNG, project: SeleniumJava101Certification, username: pangudwales05, video: true, visual: true, w3c: true}, browserName: chrome, browserVersion: 132, goog:chromeOptions: {args: [], extensions: []}, platformName: macos ventura}], desiredCapabilities=Capabilities {LT:Options: {accessKey: SSkNAfekTdDBMdjiIJhRd33uy7G..., build: SeleniumJava101, console: true, name: TC_01_ValidateTextMessage, plugin: java-testNG, project: SeleniumJava101Certification, username: pangudwales05, video: true, visual: true, w3c: true}, browserName: chrome, browserVersion: 132, goog:chromeOptions: {args: [], extensions: []}, platformName: macOS Ventura}}]
	at org.openqa.selenium.remote.ProtocolHandshake.createSession(ProtocolHandshake.java:126)
	at org.openqa.selenium.remote.ProtocolHandshake.createSession(ProtocolHandshake.java:84)
	at org.openqa.selenium.remote.ProtocolHandshake.createSession(ProtocolHandshake.java:62)
	at org.openqa.selenium.remote.HttpCommandExecutor.execute(HttpCommandExecutor.java:156)
	at org.openqa.selenium.remote.service.DriverCommandExecutor.invokeExecute(DriverCommandExecutor.java:164)
	at org.openqa.selenium.remote.service.DriverCommandExecutor.execute(DriverCommandExecutor.java:139)
	at org.openqa.selenium.remote.RemoteWebDriver.execute(RemoteWebDriver.java:559)
	at org.openqa.selenium.remote.RemoteWebDriver.startSession(RemoteWebDriver.java:246)
	at org.openqa.selenium.remote.RemoteWebDriver.&lt;init&gt;(RemoteWebDriver.java:168)
	at org.openqa.selenium.chromium.ChromiumDriver.&lt;init&gt;(ChromiumDriver.java:108)
	at org.openqa.selenium.chrome.ChromeDriver.&lt;init&gt;(ChromeDriver.java:104)
	at org.openqa.selenium.chrome.ChromeDriver.&lt;init&gt;(ChromeDriver.java:91)
	at org.openqa.selenium.chrome.ChromeDriver.&lt;init&gt;(ChromeDriver.java:80)
	at BaseClass.BaseTest.setup(BaseTest.java:102)
	at java.base/java.util.ArrayList.forEach(ArrayList.java:1596)
... Removed 28 stack frames</div></td></tr></table><p class="totop"><a href="#summary">back to summary</a></p>
</body>
</html>
