<?xml version="1.0" encoding="UTF-8"?>
<!-- Generated by org.testng.reporters.JUnitXMLReporter -->
<testsuite ignored="0" hostname="Swapnils-MacBook-Air.local" failures="0" tests="1" name="Default test" time="6.148" errors="0" timestamp="2025-01-25T17:20:34 IST">
  <testcase classname="BaseClass.BaseTest" name="@BeforeClass setup" time="6.112">
    <failure type="org.openqa.selenium.SessionNotCreatedException" message="Could not start a new session. Response code 500. Message: session not created: No matching capabilities found
Build info: version: &amp;apos;4.0.0&amp;apos;, revision: &amp;apos;3a21814679&amp;apos;
System info: host: &amp;apos;Swapnils-MacBook-Air.local&amp;apos;, ip: &amp;apos;fe80:0:0:0:c96:4154:8e12:f5cf%en0&amp;apos;, os.name: &amp;apos;Mac OS X&amp;apos;, os.arch: &amp;apos;aarch64&amp;apos;, os.version: &amp;apos;13.7.1&amp;apos;, java.version: &amp;apos;21.0.1&amp;apos;
Driver info: org.openqa.selenium.chrome.ChromeDriver
Command: [null, newSession {capabilities=[Capabilities {LT:Options: {accessKey: cSiEkHft5C8LPkMSdgLmQkcuCyZ..., build: SeleniumJava101, console: true, name: validateTextMessage, project: SeleniumJavaCertification, resolution: 2560x1440, selenium_version: 4.0.0, timezone: Kolkata, username: pangudwales05, video: true, visual: true, w3c: true}, browserName: chrome, browserVersion: 132, goog:chromeOptions: {args: [--remote-allow-origins=*], extensions: []}, platformName: macos ventura}], desiredCapabilities=Capabilities {LT:Options: {accessKey: cSiEkHft5C8LPkMSdgLmQkcuCyZ..., build: SeleniumJava101, console: true, name: validateTextMessage, project: SeleniumJavaCertification, resolution: 2560x1440, selenium_version: 4.0.0, timezone: Kolkata, username: pangudwales05, video: true, visual: true, w3c: true}, browserName: chrome, browserVersion: 132, goog:chromeOptions: {args: [--remote-allow-origins=*], extensions: []}, platformName: macOS Ventura}}]">
      <![CDATA[org.openqa.selenium.SessionNotCreatedException: Could not start a new session. Response code 500. Message: session not created: No matching capabilities found
Build info: version: '4.0.0', revision: '3a21814679'
System info: host: 'Swapnils-MacBook-Air.local', ip: 'fe80:0:0:0:c96:4154:8e12:f5cf%en0', os.name: 'Mac OS X', os.arch: 'aarch64', os.version: '13.7.1', java.version: '21.0.1'
Driver info: org.openqa.selenium.chrome.ChromeDriver
Command: [null, newSession {capabilities=[Capabilities {LT:Options: {accessKey: cSiEkHft5C8LPkMSdgLmQkcuCyZ..., build: SeleniumJava101, console: true, name: validateTextMessage, project: SeleniumJavaCertification, resolution: 2560x1440, selenium_version: 4.0.0, timezone: Kolkata, username: pangudwales05, video: true, visual: true, w3c: true}, browserName: chrome, browserVersion: 132, goog:chromeOptions: {args: [--remote-allow-origins=*], extensions: []}, platformName: macos ventura}], desiredCapabilities=Capabilities {LT:Options: {accessKey: cSiEkHft5C8LPkMSdgLmQkcuCyZ..., build: SeleniumJava101, console: true, name: validateTextMessage, project: SeleniumJavaCertification, resolution: 2560x1440, selenium_version: 4.0.0, timezone: Kolkata, username: pangudwales05, video: true, visual: true, w3c: true}, browserName: chrome, browserVersion: 132, goog:chromeOptions: {args: [--remote-allow-origins=*], extensions: []}, platformName: macOS Ventura}}]
at org.openqa.selenium.remote.ProtocolHandshake.createSession(ProtocolHandshake.java:126)
at org.openqa.selenium.remote.ProtocolHandshake.createSession(ProtocolHandshake.java:84)
at org.openqa.selenium.remote.ProtocolHandshake.createSession(ProtocolHandshake.java:62)
at org.openqa.selenium.remote.HttpCommandExecutor.execute(HttpCommandExecutor.java:156)
at org.openqa.selenium.remote.service.DriverCommandExecutor.invokeExecute(DriverCommandExecutor.java:164)
at org.openqa.selenium.remote.service.DriverCommandExecutor.execute(DriverCommandExecutor.java:139)
at org.openqa.selenium.remote.RemoteWebDriver.execute(RemoteWebDriver.java:559)
at org.openqa.selenium.remote.RemoteWebDriver.startSession(RemoteWebDriver.java:246)
at org.openqa.selenium.remote.RemoteWebDriver.<init>(RemoteWebDriver.java:168)
at org.openqa.selenium.chromium.ChromiumDriver.<init>(ChromiumDriver.java:108)
at org.openqa.selenium.chrome.ChromeDriver.<init>(ChromeDriver.java:104)
at org.openqa.selenium.chrome.ChromeDriver.<init>(ChromeDriver.java:91)
at org.openqa.selenium.chrome.ChromeDriver.<init>(ChromeDriver.java:80)
at BaseClass.BaseTest.setup(BaseTest.java:67)
at java.base/jdk.internal.reflect.DirectMethodHandleAccessor.invoke(DirectMethodHandleAccessor.java:103)
at java.base/java.lang.reflect.Method.invoke(Method.java:580)
at org.testng.internal.invokers.MethodInvocationHelper.invokeMethod(MethodInvocationHelper.java:141)
at org.testng.internal.invokers.MethodInvocationHelper.invokeMethodConsideringTimeout(MethodInvocationHelper.java:71)
at org.testng.internal.invokers.ConfigInvoker.invokeConfigurationMethod(ConfigInvoker.java:400)
at org.testng.internal.invokers.ConfigInvoker.invokeConfigurations(ConfigInvoker.java:333)
at org.testng.internal.invokers.TestMethodWorker.invokeBeforeClassMethods(TestMethodWorker.java:188)
at org.testng.internal.invokers.TestMethodWorker.run(TestMethodWorker.java:128)
at java.base/java.util.ArrayList.forEach(ArrayList.java:1596)
at org.testng.TestRunner.privateRun(TestRunner.java:739)
at org.testng.TestRunner.run(TestRunner.java:614)
at org.testng.SuiteRunner.runTest(SuiteRunner.java:421)
at org.testng.SuiteRunner.runSequentially(SuiteRunner.java:413)
at org.testng.SuiteRunner.privateRun(SuiteRunner.java:373)
at org.testng.SuiteRunner.run(SuiteRunner.java:312)
at org.testng.SuiteRunnerWorker.runSuite(SuiteRunnerWorker.java:52)
at org.testng.SuiteRunnerWorker.run(SuiteRunnerWorker.java:95)
at org.testng.TestNG.runSuitesSequentially(TestNG.java:1274)
at org.testng.TestNG.runSuitesLocally(TestNG.java:1208)
at org.testng.TestNG.runSuites(TestNG.java:1112)
at org.testng.TestNG.run(TestNG.java:1079)
at org.testng.remote.AbstractRemoteTestNG.run(AbstractRemoteTestNG.java:115)
at org.testng.remote.RemoteTestNG.initAndRun(RemoteTestNG.java:293)
at org.testng.remote.RemoteTestNG.main(RemoteTestNG.java:91)
]]>
    </failure>
  </testcase> <!-- @BeforeClass setup -->
  <testcase classname="BaseClass.BaseTest" name="@AfterClass tearDown" time="0.0">
    <skipped/>
  </testcase> <!-- @AfterClass tearDown -->
  <testcase classname="testCases.Scenario1.TestCases" name="validateTextMessage" time="0.0">
    <skipped/>
  </testcase> <!-- validateTextMessage -->
</testsuite> <!-- Default test -->
