<?xml version="1.0" encoding="UTF-8"?>
<!-- Generated by org.testng.reporters.JUnitReportReporter -->
<testsuite hostname="Swapnils-MacBook-Air.local" failures="0" tests="2" name="testCases.Scenario1.TestCases" time="9.243" errors="1" timestamp="2025-02-01T12:19:04 IST" skipped="1">
  <testcase classname="testCases.Scenario1.TestCases" name="setup" time="9.243">
    <error message="Could not start a new session. Response code 500. Message: session not created: No matching capabilities found
Build info: version: &#039;4.0.0&#039;, revision: &#039;3a21814679&#039;
System info: host: &#039;Swapnils-MacBook-Air.local&#039;, ip: &#039;fe80:0:0:0:101e:7c25:f3ce:761%en0&#039;, os.name: &#039;Mac OS X&#039;, os.arch: &#039;aarch64&#039;, os.version: &#039;13.7.1&#039;, java.version: &#039;21.0.2&#039;
Driver info: org.openqa.selenium.chrome.ChromeDriver
Command: [null, newSession {capabilities=[Capabilities {LT:Options: {accessKey: SSkNAfekTdDBMdjiIJhRd33uy7G..., build: SeleniumJava101, console: true, name: TC_01_ValidateTextMessage, plugin: java-testNG, project: SeleniumJava101Certification, username: pangudwales05, video: true, visual: true, w3c: true}, browserName: chrome, browserVersion: 132, goog:chromeOptions: {args: [], extensions: []}, platformName: macos ventura}], desiredCapabilities=Capabilities {LT:Options: {accessKey: SSkNAfekTdDBMdjiIJhRd33uy7G..., build: SeleniumJava101, console: true, name: TC_01_ValidateTextMessage, plugin: java-testNG, project: SeleniumJava101Certification, username: pangudwales05, video: true, visual: true, w3c: true}, browserName: chrome, browserVersion: 132, goog:chromeOptions: {args: [], extensions: []}, platformName: macOS Ventura}}]" type="org.openqa.selenium.SessionNotCreatedException">
      <![CDATA[org.openqa.selenium.SessionNotCreatedException: Could not start a new session. Response code 500. Message: session not created: No matching capabilities found
Build info: version: '4.0.0', revision: '3a21814679'
System info: host: 'Swapnils-MacBook-Air.local', ip: 'fe80:0:0:0:101e:7c25:f3ce:761%en0', os.name: 'Mac OS X', os.arch: 'aarch64', os.version: '13.7.1', java.version: '21.0.2'
Driver info: org.openqa.selenium.chrome.ChromeDriver
Command: [null, newSession {capabilities=[Capabilities {LT:Options: {accessKey: SSkNAfekTdDBMdjiIJhRd33uy7G..., build: SeleniumJava101, console: true, name: TC_01_ValidateTextMessage, plugin: java-testNG, project: SeleniumJava101Certification, username: pangudwales05, video: true, visual: true, w3c: true}, browserName: chrome, browserVersion: 132, goog:chromeOptions: {args: [], extensions: []}, platformName: macos ventura}], desiredCapabilities=Capabilities {LT:Options: {accessKey: SSkNAfekTdDBMdjiIJhRd33uy7G..., build: SeleniumJava101, console: true, name: TC_01_ValidateTextMessage, plugin: java-testNG, project: SeleniumJava101Certification, username: pangudwales05, video: true, visual: true, w3c: true}, browserName: chrome, browserVersion: 132, goog:chromeOptions: {args: [], extensions: []}, platformName: macOS Ventura}}]
at org.openqa.selenium.remote.ProtocolHandshake.createSession(ProtocolHandshake.java:126)
at org.openqa.selenium.remote.ProtocolHandshake.createSession(ProtocolHandshake.java:84)
at org.openqa.selenium.remote.ProtocolHandshake.createSession(ProtocolHandshake.java:62)
at org.openqa.selenium.remote.HttpCommandExecutor.execute(HttpCommandExecutor.java:156)
at org.openqa.selenium.remote.service.DriverCommandExecutor.invokeExecute(DriverCommandExecutor.java:164)
at org.openqa.selenium.remote.service.DriverCommandExecutor.execute(DriverCommandExecutor.java:139)
at org.openqa.selenium.remote.RemoteWebDriver.execute(RemoteWebDriver.java:559)
at org.openqa.selenium.remote.RemoteWebDriver.startSession(RemoteWebDriver.java:246)
at org.openqa.selenium.remote.RemoteWebDriver.<init>(RemoteWebDriver.java:168)
at org.openqa.selenium.chromium.ChromiumDriver.<init>(ChromiumDriver.java:108)
at org.openqa.selenium.chrome.ChromeDriver.<init>(ChromeDriver.java:104)
at org.openqa.selenium.chrome.ChromeDriver.<init>(ChromeDriver.java:91)
at org.openqa.selenium.chrome.ChromeDriver.<init>(ChromeDriver.java:80)
at BaseClass.BaseTest.setup(BaseTest.java:102)
at java.base/jdk.internal.reflect.DirectMethodHandleAccessor.invoke(DirectMethodHandleAccessor.java:103)
at java.base/java.lang.reflect.Method.invoke(Method.java:580)
at org.testng.internal.invokers.MethodInvocationHelper.invokeMethod(MethodInvocationHelper.java:141)
at org.testng.internal.invokers.MethodInvocationHelper.invokeMethodConsideringTimeout(MethodInvocationHelper.java:71)
at org.testng.internal.invokers.ConfigInvoker.invokeConfigurationMethod(ConfigInvoker.java:400)
at org.testng.internal.invokers.ConfigInvoker.invokeConfigurations(ConfigInvoker.java:333)
at org.testng.internal.invokers.TestMethodWorker.invokeBeforeClassMethods(TestMethodWorker.java:188)
at org.testng.internal.invokers.TestMethodWorker.run(TestMethodWorker.java:128)
at java.base/java.util.ArrayList.forEach(ArrayList.java:1596)
at org.testng.TestRunner.privateRun(TestRunner.java:739)
at org.testng.TestRunner.run(TestRunner.java:614)
at org.testng.SuiteRunner.runTest(SuiteRunner.java:421)
at org.testng.SuiteRunner.runSequentially(SuiteRunner.java:413)
at org.testng.SuiteRunner.privateRun(SuiteRunner.java:373)
at org.testng.SuiteRunner.run(SuiteRunner.java:312)
at org.testng.SuiteRunnerWorker.runSuite(SuiteRunnerWorker.java:52)
at org.testng.SuiteRunnerWorker.run(SuiteRunnerWorker.java:95)
at org.testng.TestNG.runSuitesSequentially(TestNG.java:1274)
at org.testng.TestNG.runSuitesLocally(TestNG.java:1208)
at org.testng.TestNG.runSuites(TestNG.java:1112)
at org.testng.TestNG.run(TestNG.java:1079)
at org.apache.maven.surefire.testng.TestNGExecutor.run(TestNGExecutor.java:155)
at org.apache.maven.surefire.testng.TestNGDirectoryTestSuite.executeMulti(TestNGDirectoryTestSuite.java:169)
at org.apache.maven.surefire.testng.TestNGDirectoryTestSuite.execute(TestNGDirectoryTestSuite.java:88)
at org.apache.maven.surefire.testng.TestNGProvider.invoke(TestNGProvider.java:137)
at org.apache.maven.surefire.booter.ForkedBooter.runSuitesInProcess(ForkedBooter.java:385)
at org.apache.maven.surefire.booter.ForkedBooter.execute(ForkedBooter.java:162)
at org.apache.maven.surefire.booter.ForkedBooter.run(ForkedBooter.java:507)
at org.apache.maven.surefire.booter.ForkedBooter.main(ForkedBooter.java:495)
]]>
    </error>
  </testcase> <!-- setup -->
  <testcase classname="testCases.Scenario1.TestCases" name="validateTextMessage" time="0.000">
    <skipped/>
  </testcase> <!-- validateTextMessage -->
</testsuite> <!-- testCases.Scenario1.TestCases -->
